{'event': 'batch_fetched', 'competitor_id': 1, 'items': 10, 'after_id': 796, 'has_more': True, 'debug': False}
{'event': 'product_start', 'id_product': 761, 'supplier_reference': 'ADU 265', 'name': 'DUNLOP - 265'}
{'event': 'product_search_done', 'id_product': 761, 'candidates': 1}
{'event': 'product_submit', 'id_product': 761, 'results': 1, 'tests': 1}
{'event': 'product_start', 'id_product': 762, 'supplier_reference': 'ADU 266', 'name': 'DUNLOP - 266'}
{'event': 'product_search_done', 'id_product': 762, 'candidates': 1}
{'event': 'product_submit', 'id_product': 762, 'results': 1, 'tests': 1}
{'event': 'product_start', 'id_product': 764, 'supplier_reference': 'ADU 272', 'name': 'DUNLOP - 272'}
{'event': 'product_search_done', 'id_product': 764, 'candidates': 1}
{'event': 'product_submit', 'id_product': 764, 'results': 1, 'tests': 1}
{'event': 'product_start', 'id_product': 765, 'supplier_reference': 'ADU 273', 'name': 'DUNLOP - 273'}
{'event': 'product_search_done', 'id_product': 765, 'candidates': 1}
{'event': 'product_submit', 'id_product': 765, 'results': 1, 'tests': 1}
{'event': 'product_start', 'id_product': 778, 'supplier_reference': 'ADU 318', 'name': 'DUNLOP - 318'}
{'event': 'product_search_done', 'id_product': 778, 'candidates': 1}
{'event': 'product_submit', 'id_product': 778, 'results': 1, 'tests': 1}
{'event': 'product_start', 'id_product': 779, 'supplier_reference': 'ADU 320', 'name': 'DUNLOP - 320'}
{'event': 'product_search_done', 'id_product': 779, 'candidates': 1}
{'event': 'product_submit', 'id_product': 779, 'results': 1, 'tests': 1}
{'event': 'product_start', 'id_product': 793, 'supplier_reference': 'ADU 412R135', 'name': 'DUNLOP - 412R135'}
{'event': 'product_search_done', 'id_product': 793, 'candidates': 0}
{'event': 'product_submit', 'id_product': 793, 'results': 0, 'tests': 1}
{'event': 'product_start', 'id_product': 794, 'supplier_reference': 'ADU 412R150', 'name': 'DUNLOP - 412R150'}
{'event': 'product_search_done', 'id_product': 794, 'candidates': 0}
{'event': 'product_submit', 'id_product': 794, 'results': 0, 'tests': 1}
{'event': 'product_start', 'id_product': 795, 'supplier_reference': 'ADU 412R73', 'name': 'DUNLOP - 412R73'}
{'event': 'product_search_done', 'id_product': 795, 'candidates': 0}
{'event': 'product_submit', 'id_product': 795, 'results': 0, 'tests': 1}
{'event': 'product_start', 'id_product': 796, 'supplier_reference': 'ADU 412R88', 'name': 'DUNLOP - 412R88'}
{'event': 'product_search_done', 'id_product': 796, 'candidates': 0}
{'event': 'product_submit', 'id_product': 796, 'results': 0, 'tests': 1}
{'competitor_id': 1, 'batch_items': 10, 'candidates': 6, 'tests': 10, 'after_id': 796, 'has_more': True}
