{'event': 'batch_fetched', 'competitor_id': 1, 'items': 10, 'after_id': 921, 'has_more': True, 'debug': True}
{'event': 'product_start', 'id_product': 793, 'supplier_reference': 'ADU 412R135', 'name': 'DUNLOP - 412R135'}
{'event': 'product_search_done', 'id_product': 793, 'candidates': 0}
{'event': 'product_submit', 'id_product': 793, 'results': 0, 'tests': 1}
{'event': 'product_start', 'id_product': 794, 'supplier_reference': 'ADU 412R150', 'name': 'DUNLOP - 412R150'}
{'event': 'product_search_done', 'id_product': 794, 'candidates': 0}
{'event': 'product_submit', 'id_product': 794, 'results': 0, 'tests': 1}
{'event': 'product_start', 'id_product': 795, 'supplier_reference': 'ADU 412R73', 'name': 'DUNLOP - 412R73'}
{'event': 'product_search_done', 'id_product': 795, 'candidates': 0}
{'event': 'product_submit', 'id_product': 795, 'results': 0, 'tests': 1}
{'event': 'product_start', 'id_product': 796, 'supplier_reference': 'ADU 412R88', 'name': 'DUNLOP - 412R88'}
{'event': 'product_search_done', 'id_product': 796, 'candidates': 0}
{'event': 'product_submit', 'id_product': 796, 'results': 0, 'tests': 1}
{'event': 'product_start', 'id_product': 813, 'supplier_reference': 'ADU 4181', 'name': 'DUNLOP - BTE DE 216 MED TORTEX'}
{'event': 'product_search_done', 'id_product': 813, 'candidates': 0}
{'event': 'product_submit', 'id_product': 813, 'results': 0, 'tests': 1}
{'event': 'product_start', 'id_product': 906, 'supplier_reference': 'ADU 46RF20', 'name': 'DUNLOP - 46RF20'}
{'event': 'product_search_done', 'id_product': 906, 'candidates': 1}
{'event': 'product_submit', 'id_product': 906, 'results': 1, 'tests': 1}
{'event': 'product_start', 'id_product': 909, 'supplier_reference': 'ADU 471R3N', 'name': 'DUNLOP - 471R3N'}
{'event': 'product_search_done', 'id_product': 909, 'candidates': 1}
{'event': 'product_submit', 'id_product': 909, 'results': 1, 'tests': 1}
{'event': 'product_start', 'id_product': 913, 'supplier_reference': 'ADU 472RM3', 'name': 'DUNLOP - 472RM3'}
{'event': 'product_search_done', 'id_product': 913, 'candidates': 1}
{'event': 'product_submit', 'id_product': 913, 'results': 1, 'tests': 1}
{'event': 'product_start', 'id_product': 916, 'supplier_reference': 'ADU 474R3', 'name': 'DUNLOP - 474R3'}
{'event': 'product_search_done', 'id_product': 916, 'candidates': 1}
{'event': 'product_submit', 'id_product': 916, 'results': 1, 'tests': 1}
{'event': 'product_start', 'id_product': 921, 'supplier_reference': 'ADU 475R3', 'name': 'DUNLOP - 24 MED 3MM BIG STUBBY'}
{'event': 'product_search_done', 'id_product': 921, 'candidates': 1}
{'event': 'product_submit', 'id_product': 921, 'results': 1, 'tests': 1}
{'competitor_id': 1, 'batch_items': 10, 'candidates': 5, 'tests': 10, 'after_id': 921, 'has_more': True}
